[0.063s] Invoking command in '/home/two-asus/ros2_ws/build/my_cpp_pkg': AMENT_PREFIX_PATH=/home/two-asus/ros2_ws/install/my_robot_interfaces:${AMENT_PREFIX_PATH} CMAKE_PREFIX_PATH=/home/two-asus/ros2_ws/install/my_robot_interfaces:/home/two-asus/ros2_ws/install/my_cpp_pkg:/home/two-asus/ros2_ws/install/my_py_pkg:/opt/ros/humble LD_LIBRARY_PATH=/home/two-asus/ros2_ws/install/my_robot_interfaces/lib:${LD_LIBRARY_PATH} PYTHONPATH=/home/two-asus/ros2_ws/install/my_robot_interfaces/local/lib/python3.10/dist-packages:${PYTHONPATH} /usr/bin/cmake --build /home/two-asus/ros2_ws/build/my_cpp_pkg -- -j16 -l16
[0.230s] -- Found ament_cmake: 1.3.9 (/opt/ros/humble/share/ament_cmake/cmake)
[0.230s] -- Found rclcpp: 16.0.9 (/opt/ros/humble/share/rclcpp/cmake)
[0.317s] -- Found rosidl_generator_c: 3.1.5 (/opt/ros/humble/share/rosidl_generator_c/cmake)
[0.318s] -- Found rosidl_adapter: 3.1.5 (/opt/ros/humble/share/rosidl_adapter/cmake)
[0.322s] -- Found rosidl_generator_cpp: 3.1.5 (/opt/ros/humble/share/rosidl_generator_cpp/cmake)
[0.331s] -- Using all available rosidl_typesupport_c: rosidl_typesupport_fastrtps_c;rosidl_typesupport_introspection_c
[0.341s] -- Using all available rosidl_typesupport_cpp: rosidl_typesupport_fastrtps_cpp;rosidl_typesupport_introspection_cpp
[0.382s] -- Found rmw_implementation_cmake: 6.1.2 (/opt/ros/humble/share/rmw_implementation_cmake/cmake)
[0.383s] -- Found rmw_fastrtps_cpp: 6.2.6 (/opt/ros/humble/share/rmw_fastrtps_cpp/cmake)
[5.749s] -- Using RMW implementation 'rmw_fastrtps_cpp' as default
[5.853s] -- Found example_interfaces: 0.9.3 (/opt/ros/humble/share/example_interfaces/cmake)
[5.944s] -- Found my_robot_interfaces: 0.0.0 (/home/two-asus/ros2_ws/install/my_robot_interfaces/share/my_robot_interfaces/cmake)
[6.016s] -- Configuring done
[6.034s] -- Generating done
[6.035s] -- Build files have been written to: /home/two-asus/ros2_ws/build/my_cpp_pkg
[6.054s] [35m[1mConsolidate compiler generated dependencies of target cpp_node[0m
[6.054s] [35m[1mConsolidate compiler generated dependencies of target robot_news_station[0m
[6.054s] [35m[1mConsolidate compiler generated dependencies of target add_two_ints_server[0m
[6.054s] [35m[1mConsolidate compiler generated dependencies of target add_two_ints_client_no_oop[0m
[6.056s] [35m[1mConsolidate compiler generated dependencies of target smartphone[0m
[6.056s] [35m[1mConsolidate compiler generated dependencies of target add_two_ints_client[0m
[6.060s] [  7%] [32mBuilding CXX object CMakeFiles/hw_status_publisher.dir/src/hw_status_publisher.cpp.o[0m
[6.066s] [ 21%] Built target cpp_node
[6.066s] [ 35%] Built target robot_news_station
[6.066s] [ 50%] Built target add_two_ints_server
[6.067s] [ 64%] Built target smartphone
[6.067s] [ 78%] Built target add_two_ints_client_no_oop
[6.068s] [ 92%] Built target add_two_ints_client
[6.184s] [01m[K/home/two-asus/ros2_ws/src/my_cpp_pkg/src/hw_status_publisher.cpp:2:10:[m[K [01;31m[Kfatal error: [m[Kmy_robot_interfaces/msg/hardwareStatus.hpp: No such file or directory
[6.184s]     2 | #include [01;31m[K"my_robot_interfaces/msg/hardwareStatus.hpp"[m[K
[6.184s]       |          [01;31m[K^~~~~~~~~~~~~~~~~~~~~~~~~~~~~~~~~~~~~~~~~~~~[m[K
[6.184s] compilation terminated.
[6.186s] gmake[2]: *** [CMakeFiles/hw_status_publisher.dir/build.make:76: CMakeFiles/hw_status_publisher.dir/src/hw_status_publisher.cpp.o] Error 1
[6.186s] gmake[1]: *** [CMakeFiles/Makefile2:305: CMakeFiles/hw_status_publisher.dir/all] Error 2
[6.186s] gmake: *** [Makefile:146: all] Error 2
[6.188s] Invoked command in '/home/two-asus/ros2_ws/build/my_cpp_pkg' returned '2': AMENT_PREFIX_PATH=/home/two-asus/ros2_ws/install/my_robot_interfaces:${AMENT_PREFIX_PATH} CMAKE_PREFIX_PATH=/home/two-asus/ros2_ws/install/my_robot_interfaces:/home/two-asus/ros2_ws/install/my_cpp_pkg:/home/two-asus/ros2_ws/install/my_py_pkg:/opt/ros/humble LD_LIBRARY_PATH=/home/two-asus/ros2_ws/install/my_robot_interfaces/lib:${LD_LIBRARY_PATH} PYTHONPATH=/home/two-asus/ros2_ws/install/my_robot_interfaces/local/lib/python3.10/dist-packages:${PYTHONPATH} /usr/bin/cmake --build /home/two-asus/ros2_ws/build/my_cpp_pkg -- -j16 -l16
