[0.010s] Invoking command in '/home/two-asus/ros2_ws/build/my_robot_interfaces': CMAKE_PREFIX_PATH=${CMAKE_PREFIX_PATH}:/home/two-asus/ros2_ws/install/my_py_pkg:/opt/ros/humble /usr/bin/cmake --build /home/two-asus/ros2_ws/build/my_robot_interfaces -- -j16 -l16
[0.025s] -- Found ament_cmake: 1.3.9 (/opt/ros/humble/share/ament_cmake/cmake)
[0.105s] -- Found rosidl_default_generators: 1.2.0 (/opt/ros/humble/share/rosidl_default_generators/cmake)
[0.106s] -- Using all available rosidl_typesupport_c: rosidl_typesupport_fastrtps_c;rosidl_typesupport_introspection_c
[0.108s] -- Found rosidl_adapter: 3.1.5 (/opt/ros/humble/share/rosidl_adapter/cmake)
[0.251s] -- Using all available rosidl_typesupport_cpp: rosidl_typesupport_fastrtps_cpp;rosidl_typesupport_introspection_cpp
[0.268s] -- Found std_msgs: 4.2.3 (/opt/ros/humble/share/std_msgs/cmake)
[0.424s] [31mCMake Error at /opt/ros/humble/share/rosidl_adapter/cmake/rosidl_adapt_interfaces.cmake:59 (message):
[0.424s]   execute_process(/usr/bin/python3 -m rosidl_adapter --package-name
[0.424s]   my_robot_interfaces --arguments-file
[0.425s]   /home/two-asus/ros2_ws/build/my_robot_interfaces/rosidl_adapter__arguments__my_robot_interfaces.json
[0.425s]   --output-dir
[0.425s]   /home/two-asus/ros2_ws/build/my_robot_interfaces/rosidl_adapter/my_robot_interfaces
[0.425s]   --output-file
[0.425s]   /home/two-asus/ros2_ws/build/my_robot_interfaces/rosidl_adapter/my_robot_interfaces.idls)
[0.425s]   returned error code 1:
[0.425s] 
[0.425s]   Traceback (most recent call last):
[0.425s] 
[0.425s]     File "/usr/lib/python3.10/runpy.py", line 196, in _run_module_as_main
[0.425s]       return _run_code(code, main_globals, None,
[0.425s]     File "/usr/lib/python3.10/runpy.py", line 86, in _run_code
[0.425s]       exec(code, run_globals)
[0.425s]     File "/opt/ros/humble/local/lib/python3.10/dist-packages/rosidl_adapter/__main__.py", line 19, in <module>
[0.425s]       sys.exit(main())
[0.425s]     File "/opt/ros/humble/local/lib/python3.10/dist-packages/rosidl_adapter/main.py", line 53, in main
[0.425s]       abs_idl_file = convert_to_idl(
[0.425s]     File "/opt/ros/humble/local/lib/python3.10/dist-packages/rosidl_adapter/__init__.py", line 24, in convert_to_idl
[0.425s]       return convert_srv_to_idl(
[0.425s]     File "/opt/ros/humble/local/lib/python3.10/dist-packages/rosidl_adapter/srv/__init__.py", line 28, in convert_srv_to_idl
[0.425s]       srv = parse_service_string(package_name, input_file.stem, content)
[0.426s]     File "/opt/ros/humble/local/lib/python3.10/dist-packages/rosidl_adapter/parser.py", line 850, in parse_service_string
[0.426s]       raise InvalidServiceSpecification(
[0.426s] 
[0.426s]   rosidl_adapter.parser.InvalidServiceSpecification: Could not find separator
[0.426s]   '---' between request and response
[0.426s] 
[0.426s] Call Stack (most recent call first):
[0.426s]   /opt/ros/humble/share/rosidl_cmake/cmake/rosidl_generate_interfaces.cmake:130 (rosidl_adapt_interfaces)
[0.426s]   CMakeLists.txt:14 (rosidl_generate_interfaces)
[0.426s] 
[0.426s] [0m
[0.426s] -- Configuring incomplete, errors occurred!
[0.426s] See also "/home/two-asus/ros2_ws/build/my_robot_interfaces/CMakeFiles/CMakeOutput.log".
[0.429s] gmake: *** [Makefile:747: cmake_check_build_system] Error 1
[0.432s] Invoked command in '/home/two-asus/ros2_ws/build/my_robot_interfaces' returned '2': CMAKE_PREFIX_PATH=${CMAKE_PREFIX_PATH}:/home/two-asus/ros2_ws/install/my_py_pkg:/opt/ros/humble /usr/bin/cmake --build /home/two-asus/ros2_ws/build/my_robot_interfaces -- -j16 -l16
